<?xml version="1.0" encoding="UTF-8"?>
<!-- Generated by org.testng.reporters.JUnitXMLReporter -->
<testsuite ignored="1" hostname="Kishore" failures="0" tests="1" name="Test(failed)(failed)(failed)(failed)(failed)(failed)" time="0.113" errors="0" timestamp="2023-10-18T13:44:38 IST">
  <testcase classname="batchexecution.TestClass2" name="demo2" time="0.023"/>
  <testcase classname="batchexecution.TestClass2" name="demo1" time="0.0">
    <ignored/>
  </testcase> <!-- demo1 -->
</testsuite> <!-- Test(failed)(failed)(failed)(failed)(failed)(failed) -->
