<?xml version="1.0" encoding="UTF-8"?>
<!-- Generated by org.testng.reporters.JUnitXMLReporter -->
<testsuite ignored="0" hostname="Kishore" failures="0" tests="3" name="Default test" time="0.149" errors="0" timestamp="2023-10-20T13:02:14 IST">
  <testcase classname="DataProviders.DataProvidersPractice" name="bookTickeTest" time="0.022"/>
  <testcase classname="DataProviders.DataProvidersPractice" name="bookTickeTest" time="0.003"/>
  <testcase classname="DataProviders.DataProvidersPractice" name="bookTickeTest" time="0.008"/>
</testsuite> <!-- Default test -->
