<?xml version="1.0" encoding="UTF-8"?>
<!-- Generated by org.testng.reporters.JUnitXMLReporter -->
<testsuite ignored="0" hostname="Kishore" failures="0" tests="4" name="Test3" time="0.296" errors="0" timestamp="2023-10-31T13:57:12 IST">
  <testcase classname="distributedparallel.Test5" name="demo1" time="0.029"/>
  <testcase classname="distributedparallel.Test5" name="demo2" time="0.111"/>
  <testcase classname="distributedparallel.Test6" name="demo1" time="0.005"/>
  <testcase classname="distributedparallel.Test6" name="demo2" time="0.002"/>
</testsuite> <!-- Test3 -->
