<?xml version="1.0" encoding="UTF-8"?>
<!-- Generated by org.testng.reporters.JUnitXMLReporter -->
<testsuite ignored="0" hostname="Kishore" failures="0" tests="6" name="Test1" time="0.271" errors="0" timestamp="2023-10-31T13:57:12 IST">
  <testcase classname="distributedparallel.Test1" name="demo1" time="0.043"/>
  <testcase classname="distributedparallel.Test1" name="demo2" time="0.012"/>
  <testcase classname="distributedparallel.Test2" name="demo1" time="0.07"/>
  <testcase classname="distributedparallel.Test2" name="demo2" time="0.001"/>
  <testcase classname="distributedparallel.Test4" name="demo1" time="0.001"/>
  <testcase classname="distributedparallel.Test4" name="demo2" time="0.01"/>
</testsuite> <!-- Test1 -->
