<?xml version="1.0" encoding="UTF-8"?>
<!-- Generated by org.testng.reporters.JUnitXMLReporter -->
<testsuite ignored="0" hostname="Kishore" failures="0" tests="4" name="Test Runner2" time="0.231" errors="0" timestamp="2023-10-14T14:43:41 IST">
  <testcase classname="distributedparallel.Test4" name="demo1" time="0.027"/>
  <testcase classname="distributedparallel.Test4" name="demo2" time="0.008"/>
  <testcase classname="distributedparallel.Test3" name="demo1" time="0.013"/>
  <testcase classname="distributedparallel.Test3" name="demo2" time="0.009"/>
</testsuite> <!-- Test Runner2 -->
