<?xml version="1.0" encoding="UTF-8"?>
<!-- Generated by org.testng.reporters.JUnitXMLReporter -->
<testsuite ignored="0" hostname="Kishore" failures="0" tests="4" name="Test2" time="0.236" errors="0" timestamp="2023-10-31T13:57:12 IST">
  <testcase classname="distributedparallel.Test4" name="demo1" time="0.071"/>
  <testcase classname="distributedparallel.Test4" name="demo2" time="0.007"/>
  <testcase classname="distributedparallel.Test3" name="demo1" time="0.003"/>
  <testcase classname="distributedparallel.Test3" name="demo2" time="0.005"/>
</testsuite> <!-- Test2 -->
