<?xml version="1.0" encoding="UTF-8"?>
<!-- Generated by org.testng.reporters.JUnitXMLReporter -->
<testsuite ignored="0" hostname="Kishore" failures="0" tests="6" name="Test" time="0.208" errors="0" timestamp="2023-10-18T14:27:00 IST">
  <testcase classname="listeners.TestClass" name="test" time="0.013"/>
  <testcase classname="listeners.BaseClass" name="suiteConfig" time="0.006"/>
  <testcase classname="listeners.TestClass" name="test1" time="0.008"/>
  <testcase classname="listeners.TestClass3" name="test3" time="0.006"/>
  <testcase classname="listeners.TestClass4" name="test4" time="0.008"/>
  <testcase classname="listeners.TestClass2" name="test2" time="0.007"/>
</testsuite> <!-- Test -->
