<?xml version="1.0" encoding="UTF-8"?>
<!-- Generated by org.testng.reporters.JUnitXMLReporter -->
<testsuite ignored="0" hostname="Kishore" failures="0" tests="4" name="Test Runner1" time="0.324" errors="0" timestamp="2023-10-14T14:43:41 IST">
  <testcase classname="distributedparallel.Test1" name="demo1" time="0.026"/>
  <testcase classname="distributedparallel.Test1" name="demo2" time="0.003"/>
  <testcase classname="distributedparallel.Test2" name="demo1" time="0.002"/>
  <testcase classname="distributedparallel.Test2" name="demo2" time="0.009"/>
</testsuite> <!-- Test Runner1 -->
