<?xml version="1.0" encoding="UTF-8"?>
<!-- Generated by org.testng.reporters.JUnitXMLReporter -->
<testsuite ignored="0" hostname="Kishore" failures="0" tests="4" name="Test Runner3" time="0.226" errors="0" timestamp="2023-10-14T14:43:41 IST">
  <testcase classname="distributedparallel.Test5" name="demo1" time="0.025"/>
  <testcase classname="distributedparallel.Test5" name="demo2" time="0.013"/>
  <testcase classname="distributedparallel.Test6" name="demo1" time="0.021"/>
  <testcase classname="distributedparallel.Test6" name="demo2" time="0.008"/>
</testsuite> <!-- Test Runner3 -->
