<?xml version="1.0" encoding="UTF-8"?>
<!-- Generated by org.testng.reporters.JUnitXMLReporter -->
<testsuite ignored="3" hostname="Kishore" failures="1" tests="3" name="Test(failed)" time="0.128" errors="0" timestamp="2023-10-18T13:31:54 IST">
  <testcase classname="batchexecution.TestClass3" name="demo1" time="0.016"/>
  <testcase classname="batchexecution.TestClass2" name="demo2" time="0.012">
    <failure type="java.lang.AssertionError" message="null">
      <![CDATA[java.lang.AssertionError: null
at batchexecution.TestClass2.demo2(TestClass2.java:15)
at java.base/java.util.ArrayList.forEach(ArrayList.java:1511)
... Removed 29 stack frames]]>
    </failure>
  </testcase> <!-- demo2 -->
  <testcase classname="batchexecution.TestClass1" name="demo1" time="0.005"/>
  <testcase classname="batchexecution.TestClass2" name="demo1" time="0.0">
    <ignored/>
  </testcase> <!-- demo1 -->
  <testcase classname="batchexecution.TestClass3" name="demo2" time="0.0">
    <ignored/>
  </testcase> <!-- demo2 -->
  <testcase classname="batchexecution.TestClass1" name="demo2" time="0.0">
    <ignored/>
  </testcase> <!-- demo2 -->
</testsuite> <!-- Test(failed) -->
